<?xml version="1.0" encoding="UTF-8"?>
<testsuite xmlns:xsi="http://www.w3.org/2001/XMLSchema-instance" xsi:noNamespaceSchemaLocation="https://maven.apache.org/surefire/maven-surefire-plugin/xsd/surefire-test-report.xsd" name="ua.tqs.AppTest" time="0.01" tests="1" errors="0" skipped="0" failures="0">
  <properties>
    <property name="sun.desktop" value="gnome"/>
    <property name="awt.toolkit" value="sun.awt.X11.XToolkit"/>
    <property name="java.specification.version" value="11"/>
    <property name="sun.cpu.isalist" value=""/>
    <property name="sun.jnu.encoding" value="UTF-8"/>
    <property name="java.class.path" value="/home/diogo/Desktop/3ยบ Ano/TQS/TQS_Labs/Lab3/P3_Selenium_Jupiter/target/test-classes:/home/diogo/Desktop/3ยบ Ano/TQS/TQS_Labs/Lab3/P3_Selenium_Jupiter/target/classes:/home/diogo/.m2/repository/org/junit/jupiter/junit-jupiter-engine/5.7.1/junit-jupiter-engine-5.7.1.jar:/home/diogo/.m2/repository/org/apiguardian/apiguardian-api/1.1.0/apiguardian-api-1.1.0.jar:/home/diogo/.m2/repository/org/junit/platform/junit-platform-engine/1.7.1/junit-platform-engine-1.7.1.jar:/home/diogo/.m2/repository/org/junit/jupiter/junit-jupiter-api/5.7.1/junit-jupiter-api-5.7.1.jar:/home/diogo/.m2/repository/org/opentest4j/opentest4j/1.2.0/opentest4j-1.2.0.jar:/home/diogo/.m2/repository/org/junit/platform/junit-platform-commons/1.7.1/junit-platform-commons-1.7.1.jar:/home/diogo/.m2/repository/org/junit/vintage/junit-vintage-engine/5.7.1/junit-vintage-engine-5.7.1.jar:/home/diogo/.m2/repository/junit/junit/4.13/junit-4.13.jar:/home/diogo/.m2/repository/org/hamcrest/hamcrest-core/1.3/hamcrest-core-1.3.jar:/home/diogo/.m2/repository/org/seleniumhq/selenium/selenium-firefox-driver/3.141.59/selenium-firefox-driver-3.141.59.jar:/home/diogo/.m2/repository/org/seleniumhq/selenium/selenium-api/3.141.59/selenium-api-3.141.59.jar:/home/diogo/.m2/repository/org/seleniumhq/selenium/selenium-remote-driver/3.141.59/selenium-remote-driver-3.141.59.jar:/home/diogo/.m2/repository/net/bytebuddy/byte-buddy/1.8.15/byte-buddy-1.8.15.jar:/home/diogo/.m2/repository/org/apache/commons/commons-exec/1.3/commons-exec-1.3.jar:/home/diogo/.m2/repository/com/google/guava/guava/25.0-jre/guava-25.0-jre.jar:/home/diogo/.m2/repository/com/google/code/findbugs/jsr305/1.3.9/jsr305-1.3.9.jar:/home/diogo/.m2/repository/org/checkerframework/checker-compat-qual/2.0.0/checker-compat-qual-2.0.0.jar:/home/diogo/.m2/repository/com/google/errorprone/error_prone_annotations/2.1.3/error_prone_annotations-2.1.3.jar:/home/diogo/.m2/repository/com/google/j2objc/j2objc-annotations/1.1/j2objc-annotations-1.1.jar:/home/diogo/.m2/repository/org/codehaus/mojo/animal-sniffer-annotations/1.14/animal-sniffer-annotations-1.14.jar:/home/diogo/.m2/repository/com/squareup/okhttp3/okhttp/3.11.0/okhttp-3.11.0.jar:/home/diogo/.m2/repository/com/squareup/okio/okio/1.14.0/okio-1.14.0.jar:/home/diogo/.m2/repository/org/hamcrest/hamcrest-all/1.3/hamcrest-all-1.3.jar:/home/diogo/.m2/repository/io/github/bonigarcia/selenium-jupiter/3.4.0/selenium-jupiter-3.4.0.jar:/home/diogo/.m2/repository/org/seleniumhq/selenium/selenium-java/3.141.59/selenium-java-3.141.59.jar:/home/diogo/.m2/repository/org/seleniumhq/selenium/selenium-chrome-driver/3.141.59/selenium-chrome-driver-3.141.59.jar:/home/diogo/.m2/repository/org/seleniumhq/selenium/selenium-edge-driver/3.141.59/selenium-edge-driver-3.141.59.jar:/home/diogo/.m2/repository/org/seleniumhq/selenium/selenium-ie-driver/3.141.59/selenium-ie-driver-3.141.59.jar:/home/diogo/.m2/repository/org/seleniumhq/selenium/selenium-opera-driver/3.141.59/selenium-opera-driver-3.141.59.jar:/home/diogo/.m2/repository/org/seleniumhq/selenium/selenium-safari-driver/3.141.59/selenium-safari-driver-3.141.59.jar:/home/diogo/.m2/repository/org/seleniumhq/selenium/selenium-support/3.141.59/selenium-support-3.141.59.jar:/home/diogo/.m2/repository/io/github/bonigarcia/webdrivermanager/4.3.1/webdrivermanager-4.3.1.jar:/home/diogo/.m2/repository/commons-io/commons-io/2.8.0/commons-io-2.8.0.jar:/home/diogo/.m2/repository/com/google/code/gson/gson/2.8.6/gson-2.8.6.jar:/home/diogo/.m2/repository/org/apache/commons/commons-lang3/3.11/commons-lang3-3.11.jar:/home/diogo/.m2/repository/org/apache/httpcomponents/client5/httpclient5/5.0.3/httpclient5-5.0.3.jar:/home/diogo/.m2/repository/org/apache/httpcomponents/core5/httpcore5/5.0.2/httpcore5-5.0.2.jar:/home/diogo/.m2/repository/org/apache/httpcomponents/core5/httpcore5-h2/5.0.2/httpcore5-h2-5.0.2.jar:/home/diogo/.m2/repository/commons-codec/commons-codec/1.13/commons-codec-1.13.jar:/home/diogo/.m2/repository/org/rauschig/jarchivelib/1.1.0/jarchivelib-1.1.0.jar:/home/diogo/.m2/repository/org/apache/commons/commons-compress/1.20/commons-compress-1.20.jar:/home/diogo/.m2/repository/org/jsoup/jsoup/1.13.1/jsoup-1.13.1.jar:/home/diogo/.m2/repository/io/appium/java-client/7.4.1/java-client-7.4.1.jar:/home/diogo/.m2/repository/org/apache/httpcomponents/httpclient/4.5.13/httpclient-4.5.13.jar:/home/diogo/.m2/repository/org/apache/httpcomponents/httpcore/4.4.13/httpcore-4.4.13.jar:/home/diogo/.m2/repository/commons-logging/commons-logging/1.2/commons-logging-1.2.jar:/home/diogo/.m2/repository/cglib/cglib/3.3.0/cglib-3.3.0.jar:/home/diogo/.m2/repository/org/ow2/asm/asm/7.1/asm-7.1.jar:/home/diogo/.m2/repository/commons-validator/commons-validator/1.7/commons-validator-1.7.jar:/home/diogo/.m2/repository/commons-beanutils/commons-beanutils/1.9.4/commons-beanutils-1.9.4.jar:/home/diogo/.m2/repository/commons-digester/commons-digester/2.1/commons-digester-2.1.jar:/home/diogo/.m2/repository/commons-collections/commons-collections/3.2.2/commons-collections-3.2.2.jar:/home/diogo/.m2/repository/org/springframework/spring-context/5.3.1/spring-context-5.3.1.jar:/home/diogo/.m2/repository/org/springframework/spring-aop/5.3.1/spring-aop-5.3.1.jar:/home/diogo/.m2/repository/org/springframework/spring-beans/5.3.1/spring-beans-5.3.1.jar:/home/diogo/.m2/repository/org/springframework/spring-core/5.3.1/spring-core-5.3.1.jar:/home/diogo/.m2/repository/org/springframework/spring-jcl/5.3.1/spring-jcl-5.3.1.jar:/home/diogo/.m2/repository/org/springframework/spring-expression/5.3.1/spring-expression-5.3.1.jar:/home/diogo/.m2/repository/org/aspectj/aspectjweaver/1.9.6/aspectjweaver-1.9.6.jar:/home/diogo/.m2/repository/com/github/docker-java/docker-java/3.2.7/docker-java-3.2.7.jar:/home/diogo/.m2/repository/com/github/docker-java/docker-java-core/3.2.7/docker-java-core-3.2.7.jar:/home/diogo/.m2/repository/com/github/docker-java/docker-java-api/3.2.7/docker-java-api-3.2.7.jar:/home/diogo/.m2/repository/com/fasterxml/jackson/core/jackson-annotations/2.10.3/jackson-annotations-2.10.3.jar:/home/diogo/.m2/repository/commons-lang/commons-lang/2.6/commons-lang-2.6.jar:/home/diogo/.m2/repository/com/fasterxml/jackson/core/jackson-databind/2.10.3/jackson-databind-2.10.3.jar:/home/diogo/.m2/repository/com/fasterxml/jackson/core/jackson-core/2.10.3/jackson-core-2.10.3.jar:/home/diogo/.m2/repository/org/bouncycastle/bcpkix-jdk15on/1.64/bcpkix-jdk15on-1.64.jar:/home/diogo/.m2/repository/org/bouncycastle/bcprov-jdk15on/1.64/bcprov-jdk15on-1.64.jar:/home/diogo/.m2/repository/org/slf4j/jcl-over-slf4j/1.7.30/jcl-over-slf4j-1.7.30.jar:/home/diogo/.m2/repository/org/awaitility/awaitility/4.0.1/awaitility-4.0.1.jar:/home/diogo/.m2/repository/org/hamcrest/hamcrest/2.1/hamcrest-2.1.jar:/home/diogo/.m2/repository/com/github/docker-java/docker-java-transport-httpclient5/3.2.7/docker-java-transport-httpclient5-3.2.7.jar:/home/diogo/.m2/repository/com/github/docker-java/docker-java-transport/3.2.7/docker-java-transport-3.2.7.jar:/home/diogo/.m2/repository/net/java/dev/jna/jna/5.5.0/jna-5.5.0.jar:/home/diogo/.m2/repository/com/codeborne/phantomjsdriver/1.4.4/phantomjsdriver-1.4.4.jar:/home/diogo/.m2/repository/com/codeborne/selenide/5.18.0/selenide-5.18.0.jar:/home/diogo/.m2/repository/org/seleniumhq/selenium/htmlunit-driver/2.46.0/htmlunit-driver-2.46.0.jar:/home/diogo/.m2/repository/net/sourceforge/htmlunit/htmlunit/2.46.0/htmlunit-2.46.0.jar:/home/diogo/.m2/repository/xalan/xalan/2.7.2/xalan-2.7.2.jar:/home/diogo/.m2/repository/xalan/serializer/2.7.2/serializer-2.7.2.jar:/home/diogo/.m2/repository/org/apache/commons/commons-text/1.9/commons-text-1.9.jar:/home/diogo/.m2/repository/org/apache/httpcomponents/httpmime/4.5.13/httpmime-4.5.13.jar:/home/diogo/.m2/repository/net/sourceforge/htmlunit/htmlunit-core-js/2.46.0/htmlunit-core-js-2.46.0.jar:/home/diogo/.m2/repository/net/sourceforge/htmlunit/neko-htmlunit/2.46.0/neko-htmlunit-2.46.0.jar:/home/diogo/.m2/repository/xerces/xercesImpl/2.12.0/xercesImpl-2.12.0.jar:/home/diogo/.m2/repository/xml-apis/xml-apis/1.4.01/xml-apis-1.4.01.jar:/home/diogo/.m2/repository/net/sourceforge/htmlunit/htmlunit-cssparser/1.7.0/htmlunit-cssparser-1.7.0.jar:/home/diogo/.m2/repository/commons-net/commons-net/3.7.2/commons-net-3.7.2.jar:/home/diogo/.m2/repository/org/brotli/dec/0.1.2/dec-0.1.2.jar:/home/diogo/.m2/repository/com/shapesecurity/salvation2/3.0.0/salvation2-3.0.0.jar:/home/diogo/.m2/repository/org/eclipse/jetty/websocket/websocket-client/9.4.35.v20201120/websocket-client-9.4.35.v20201120.jar:/home/diogo/.m2/repository/org/eclipse/jetty/jetty-client/9.4.35.v20201120/jetty-client-9.4.35.v20201120.jar:/home/diogo/.m2/repository/org/eclipse/jetty/jetty-http/9.4.35.v20201120/jetty-http-9.4.35.v20201120.jar:/home/diogo/.m2/repository/org/eclipse/jetty/jetty-util/9.4.35.v20201120/jetty-util-9.4.35.v20201120.jar:/home/diogo/.m2/repository/org/eclipse/jetty/jetty-io/9.4.35.v20201120/jetty-io-9.4.35.v20201120.jar:/home/diogo/.m2/repository/org/eclipse/jetty/websocket/websocket-common/9.4.35.v20201120/websocket-common-9.4.35.v20201120.jar:/home/diogo/.m2/repository/org/eclipse/jetty/websocket/websocket-api/9.4.35.v20201120/websocket-api-9.4.35.v20201120.jar:/home/diogo/.m2/repository/org/slf4j/slf4j-api/1.7.25/slf4j-api-1.7.25.jar:/home/diogo/.m2/repository/ch/qos/logback/logback-classic/1.2.3/logback-classic-1.2.3.jar:/home/diogo/.m2/repository/ch/qos/logback/logback-core/1.2.3/logback-core-1.2.3.jar:/home/diogo/.m2/repository/com/squareup/retrofit2/retrofit/2.5.0/retrofit-2.5.0.jar:/home/diogo/.m2/repository/com/squareup/retrofit2/adapter-rxjava/2.5.0/adapter-rxjava-2.5.0.jar:/home/diogo/.m2/repository/io/reactivex/rxjava/1.3.0/rxjava-1.3.0.jar:/home/diogo/.m2/repository/com/squareup/retrofit2/converter-gson/2.5.0/converter-gson-2.5.0.jar:/home/diogo/.m2/repository/org/apache/commons/commons-collections4/4.4/commons-collections4-4.4.jar:"/>
    <property name="java.vm.vendor" value="Ubuntu"/>
    <property name="sun.arch.data.model" value="64"/>
    <property name="java.vendor.url" value="https://ubuntu.com/"/>
    <property name="user.timezone" value=""/>
    <property name="java.vm.specification.version" value="11"/>
    <property name="os.name" value="Linux"/>
    <property name="sun.java.launcher" value="SUN_STANDARD"/>
    <property name="user.country" value="PT"/>
    <property name="sun.boot.library.path" value="/usr/lib/jvm/java-11-openjdk-amd64/lib"/>
    <property name="sun.java.command" value="/home/diogo/Desktop/3ยบ Ano/TQS/TQS_Labs/Lab3/P3_Selenium_Jupiter/target/surefire/surefirebooter7137909758256298551.jar /home/diogo/Desktop/3ยบ Ano/TQS/TQS_Labs/Lab3/P3_Selenium_Jupiter/target/surefire 2021-04-06T13-52-34_150-jvmRun1 surefire16214477914383539278tmp surefire_012352533448097781574tmp"/>
    <property name="jdk.debug" value="release"/>
    <property name="surefire.test.class.path" value="/home/diogo/Desktop/3ยบ Ano/TQS/TQS_Labs/Lab3/P3_Selenium_Jupiter/target/test-classes:/home/diogo/Desktop/3ยบ Ano/TQS/TQS_Labs/Lab3/P3_Selenium_Jupiter/target/classes:/home/diogo/.m2/repository/org/junit/jupiter/junit-jupiter-engine/5.7.1/junit-jupiter-engine-5.7.1.jar:/home/diogo/.m2/repository/org/apiguardian/apiguardian-api/1.1.0/apiguardian-api-1.1.0.jar:/home/diogo/.m2/repository/org/junit/platform/junit-platform-engine/1.7.1/junit-platform-engine-1.7.1.jar:/home/diogo/.m2/repository/org/junit/jupiter/junit-jupiter-api/5.7.1/junit-jupiter-api-5.7.1.jar:/home/diogo/.m2/repository/org/opentest4j/opentest4j/1.2.0/opentest4j-1.2.0.jar:/home/diogo/.m2/repository/org/junit/platform/junit-platform-commons/1.7.1/junit-platform-commons-1.7.1.jar:/home/diogo/.m2/repository/org/junit/vintage/junit-vintage-engine/5.7.1/junit-vintage-engine-5.7.1.jar:/home/diogo/.m2/repository/junit/junit/4.13/junit-4.13.jar:/home/diogo/.m2/repository/org/hamcrest/hamcrest-core/1.3/hamcrest-core-1.3.jar:/home/diogo/.m2/repository/org/seleniumhq/selenium/selenium-firefox-driver/3.141.59/selenium-firefox-driver-3.141.59.jar:/home/diogo/.m2/repository/org/seleniumhq/selenium/selenium-api/3.141.59/selenium-api-3.141.59.jar:/home/diogo/.m2/repository/org/seleniumhq/selenium/selenium-remote-driver/3.141.59/selenium-remote-driver-3.141.59.jar:/home/diogo/.m2/repository/net/bytebuddy/byte-buddy/1.8.15/byte-buddy-1.8.15.jar:/home/diogo/.m2/repository/org/apache/commons/commons-exec/1.3/commons-exec-1.3.jar:/home/diogo/.m2/repository/com/google/guava/guava/25.0-jre/guava-25.0-jre.jar:/home/diogo/.m2/repository/com/google/code/findbugs/jsr305/1.3.9/jsr305-1.3.9.jar:/home/diogo/.m2/repository/org/checkerframework/checker-compat-qual/2.0.0/checker-compat-qual-2.0.0.jar:/home/diogo/.m2/repository/com/google/errorprone/error_prone_annotations/2.1.3/error_prone_annotations-2.1.3.jar:/home/diogo/.m2/repository/com/google/j2objc/j2objc-annotations/1.1/j2objc-annotations-1.1.jar:/home/diogo/.m2/repository/org/codehaus/mojo/animal-sniffer-annotations/1.14/animal-sniffer-annotations-1.14.jar:/home/diogo/.m2/repository/com/squareup/okhttp3/okhttp/3.11.0/okhttp-3.11.0.jar:/home/diogo/.m2/repository/com/squareup/okio/okio/1.14.0/okio-1.14.0.jar:/home/diogo/.m2/repository/org/hamcrest/hamcrest-all/1.3/hamcrest-all-1.3.jar:/home/diogo/.m2/repository/io/github/bonigarcia/selenium-jupiter/3.4.0/selenium-jupiter-3.4.0.jar:/home/diogo/.m2/repository/org/seleniumhq/selenium/selenium-java/3.141.59/selenium-java-3.141.59.jar:/home/diogo/.m2/repository/org/seleniumhq/selenium/selenium-chrome-driver/3.141.59/selenium-chrome-driver-3.141.59.jar:/home/diogo/.m2/repository/org/seleniumhq/selenium/selenium-edge-driver/3.141.59/selenium-edge-driver-3.141.59.jar:/home/diogo/.m2/repository/org/seleniumhq/selenium/selenium-ie-driver/3.141.59/selenium-ie-driver-3.141.59.jar:/home/diogo/.m2/repository/org/seleniumhq/selenium/selenium-opera-driver/3.141.59/selenium-opera-driver-3.141.59.jar:/home/diogo/.m2/repository/org/seleniumhq/selenium/selenium-safari-driver/3.141.59/selenium-safari-driver-3.141.59.jar:/home/diogo/.m2/repository/org/seleniumhq/selenium/selenium-support/3.141.59/selenium-support-3.141.59.jar:/home/diogo/.m2/repository/io/github/bonigarcia/webdrivermanager/4.3.1/webdrivermanager-4.3.1.jar:/home/diogo/.m2/repository/commons-io/commons-io/2.8.0/commons-io-2.8.0.jar:/home/diogo/.m2/repository/com/google/code/gson/gson/2.8.6/gson-2.8.6.jar:/home/diogo/.m2/repository/org/apache/commons/commons-lang3/3.11/commons-lang3-3.11.jar:/home/diogo/.m2/repository/org/apache/httpcomponents/client5/httpclient5/5.0.3/httpclient5-5.0.3.jar:/home/diogo/.m2/repository/org/apache/httpcomponents/core5/httpcore5/5.0.2/httpcore5-5.0.2.jar:/home/diogo/.m2/repository/org/apache/httpcomponents/core5/httpcore5-h2/5.0.2/httpcore5-h2-5.0.2.jar:/home/diogo/.m2/repository/commons-codec/commons-codec/1.13/commons-codec-1.13.jar:/home/diogo/.m2/repository/org/rauschig/jarchivelib/1.1.0/jarchivelib-1.1.0.jar:/home/diogo/.m2/repository/org/apache/commons/commons-compress/1.20/commons-compress-1.20.jar:/home/diogo/.m2/repository/org/jsoup/jsoup/1.13.1/jsoup-1.13.1.jar:/home/diogo/.m2/repository/io/appium/java-client/7.4.1/java-client-7.4.1.jar:/home/diogo/.m2/repository/org/apache/httpcomponents/httpclient/4.5.13/httpclient-4.5.13.jar:/home/diogo/.m2/repository/org/apache/httpcomponents/httpcore/4.4.13/httpcore-4.4.13.jar:/home/diogo/.m2/repository/commons-logging/commons-logging/1.2/commons-logging-1.2.jar:/home/diogo/.m2/repository/cglib/cglib/3.3.0/cglib-3.3.0.jar:/home/diogo/.m2/repository/org/ow2/asm/asm/7.1/asm-7.1.jar:/home/diogo/.m2/repository/commons-validator/commons-validator/1.7/commons-validator-1.7.jar:/home/diogo/.m2/repository/commons-beanutils/commons-beanutils/1.9.4/commons-beanutils-1.9.4.jar:/home/diogo/.m2/repository/commons-digester/commons-digester/2.1/commons-digester-2.1.jar:/home/diogo/.m2/repository/commons-collections/commons-collections/3.2.2/commons-collections-3.2.2.jar:/home/diogo/.m2/repository/org/springframework/spring-context/5.3.1/spring-context-5.3.1.jar:/home/diogo/.m2/repository/org/springframework/spring-aop/5.3.1/spring-aop-5.3.1.jar:/home/diogo/.m2/repository/org/springframework/spring-beans/5.3.1/spring-beans-5.3.1.jar:/home/diogo/.m2/repository/org/springframework/spring-core/5.3.1/spring-core-5.3.1.jar:/home/diogo/.m2/repository/org/springframework/spring-jcl/5.3.1/spring-jcl-5.3.1.jar:/home/diogo/.m2/repository/org/springframework/spring-expression/5.3.1/spring-expression-5.3.1.jar:/home/diogo/.m2/repository/org/aspectj/aspectjweaver/1.9.6/aspectjweaver-1.9.6.jar:/home/diogo/.m2/repository/com/github/docker-java/docker-java/3.2.7/docker-java-3.2.7.jar:/home/diogo/.m2/repository/com/github/docker-java/docker-java-core/3.2.7/docker-java-core-3.2.7.jar:/home/diogo/.m2/repository/com/github/docker-java/docker-java-api/3.2.7/docker-java-api-3.2.7.jar:/home/diogo/.m2/repository/com/fasterxml/jackson/core/jackson-annotations/2.10.3/jackson-annotations-2.10.3.jar:/home/diogo/.m2/repository/commons-lang/commons-lang/2.6/commons-lang-2.6.jar:/home/diogo/.m2/repository/com/fasterxml/jackson/core/jackson-databind/2.10.3/jackson-databind-2.10.3.jar:/home/diogo/.m2/repository/com/fasterxml/jackson/core/jackson-core/2.10.3/jackson-core-2.10.3.jar:/home/diogo/.m2/repository/org/bouncycastle/bcpkix-jdk15on/1.64/bcpkix-jdk15on-1.64.jar:/home/diogo/.m2/repository/org/bouncycastle/bcprov-jdk15on/1.64/bcprov-jdk15on-1.64.jar:/home/diogo/.m2/repository/org/slf4j/jcl-over-slf4j/1.7.30/jcl-over-slf4j-1.7.30.jar:/home/diogo/.m2/repository/org/awaitility/awaitility/4.0.1/awaitility-4.0.1.jar:/home/diogo/.m2/repository/org/hamcrest/hamcrest/2.1/hamcrest-2.1.jar:/home/diogo/.m2/repository/com/github/docker-java/docker-java-transport-httpclient5/3.2.7/docker-java-transport-httpclient5-3.2.7.jar:/home/diogo/.m2/repository/com/github/docker-java/docker-java-transport/3.2.7/docker-java-transport-3.2.7.jar:/home/diogo/.m2/repository/net/java/dev/jna/jna/5.5.0/jna-5.5.0.jar:/home/diogo/.m2/repository/com/codeborne/phantomjsdriver/1.4.4/phantomjsdriver-1.4.4.jar:/home/diogo/.m2/repository/com/codeborne/selenide/5.18.0/selenide-5.18.0.jar:/home/diogo/.m2/repository/org/seleniumhq/selenium/htmlunit-driver/2.46.0/htmlunit-driver-2.46.0.jar:/home/diogo/.m2/repository/net/sourceforge/htmlunit/htmlunit/2.46.0/htmlunit-2.46.0.jar:/home/diogo/.m2/repository/xalan/xalan/2.7.2/xalan-2.7.2.jar:/home/diogo/.m2/repository/xalan/serializer/2.7.2/serializer-2.7.2.jar:/home/diogo/.m2/repository/org/apache/commons/commons-text/1.9/commons-text-1.9.jar:/home/diogo/.m2/repository/org/apache/httpcomponents/httpmime/4.5.13/httpmime-4.5.13.jar:/home/diogo/.m2/repository/net/sourceforge/htmlunit/htmlunit-core-js/2.46.0/htmlunit-core-js-2.46.0.jar:/home/diogo/.m2/repository/net/sourceforge/htmlunit/neko-htmlunit/2.46.0/neko-htmlunit-2.46.0.jar:/home/diogo/.m2/repository/xerces/xercesImpl/2.12.0/xercesImpl-2.12.0.jar:/home/diogo/.m2/repository/xml-apis/xml-apis/1.4.01/xml-apis-1.4.01.jar:/home/diogo/.m2/repository/net/sourceforge/htmlunit/htmlunit-cssparser/1.7.0/htmlunit-cssparser-1.7.0.jar:/home/diogo/.m2/repository/commons-net/commons-net/3.7.2/commons-net-3.7.2.jar:/home/diogo/.m2/repository/org/brotli/dec/0.1.2/dec-0.1.2.jar:/home/diogo/.m2/repository/com/shapesecurity/salvation2/3.0.0/salvation2-3.0.0.jar:/home/diogo/.m2/repository/org/eclipse/jetty/websocket/websocket-client/9.4.35.v20201120/websocket-client-9.4.35.v20201120.jar:/home/diogo/.m2/repository/org/eclipse/jetty/jetty-client/9.4.35.v20201120/jetty-client-9.4.35.v20201120.jar:/home/diogo/.m2/repository/org/eclipse/jetty/jetty-http/9.4.35.v20201120/jetty-http-9.4.35.v20201120.jar:/home/diogo/.m2/repository/org/eclipse/jetty/jetty-util/9.4.35.v20201120/jetty-util-9.4.35.v20201120.jar:/home/diogo/.m2/repository/org/eclipse/jetty/jetty-io/9.4.35.v20201120/jetty-io-9.4.35.v20201120.jar:/home/diogo/.m2/repository/org/eclipse/jetty/websocket/websocket-common/9.4.35.v20201120/websocket-common-9.4.35.v20201120.jar:/home/diogo/.m2/repository/org/eclipse/jetty/websocket/websocket-api/9.4.35.v20201120/websocket-api-9.4.35.v20201120.jar:/home/diogo/.m2/repository/org/slf4j/slf4j-api/1.7.25/slf4j-api-1.7.25.jar:/home/diogo/.m2/repository/ch/qos/logback/logback-classic/1.2.3/logback-classic-1.2.3.jar:/home/diogo/.m2/repository/ch/qos/logback/logback-core/1.2.3/logback-core-1.2.3.jar:/home/diogo/.m2/repository/com/squareup/retrofit2/retrofit/2.5.0/retrofit-2.5.0.jar:/home/diogo/.m2/repository/com/squareup/retrofit2/adapter-rxjava/2.5.0/adapter-rxjava-2.5.0.jar:/home/diogo/.m2/repository/io/reactivex/rxjava/1.3.0/rxjava-1.3.0.jar:/home/diogo/.m2/repository/com/squareup/retrofit2/converter-gson/2.5.0/converter-gson-2.5.0.jar:/home/diogo/.m2/repository/org/apache/commons/commons-collections4/4.4/commons-collections4-4.4.jar:"/>
    <property name="sun.cpu.endian" value="little"/>
    <property name="user.home" value="/home/diogo"/>
    <property name="user.language" value="pt"/>
    <property name="java.specification.vendor" value="Oracle Corporation"/>
    <property name="java.version.date" value="2021-01-19"/>
    <property name="java.home" value="/usr/lib/jvm/java-11-openjdk-amd64"/>
    <property name="file.separator" value="/"/>
    <property name="basedir" value="/home/diogo/Desktop/3ยบ Ano/TQS/TQS_Labs/Lab3/P3_Selenium_Jupiter"/>
    <property name="java.vm.compressedOopsMode" value="Zero based"/>
    <property name="line.separator" value="&#10;"/>
    <property name="java.specification.name" value="Java Platform API Specification"/>
    <property name="java.vm.specification.vendor" value="Oracle Corporation"/>
    <property name="java.awt.graphicsenv" value="sun.awt.X11GraphicsEnvironment"/>
    <property name="surefire.real.class.path" value="/home/diogo/Desktop/3ยบ Ano/TQS/TQS_Labs/Lab3/P3_Selenium_Jupiter/target/surefire/surefirebooter7137909758256298551.jar"/>
    <property name="sun.management.compiler" value="HotSpot 64-Bit Tiered Compilers"/>
    <property name="java.runtime.version" value="11.0.10+9-Ubuntu-0ubuntu1.20.04"/>
    <property name="user.name" value="diogo"/>
    <property name="path.separator" value=":"/>
    <property name="os.version" value="5.8.0-48-generic"/>
    <property name="java.runtime.name" value="OpenJDK Runtime Environment"/>
    <property name="file.encoding" value="UTF-8"/>
    <property name="java.vm.name" value="OpenJDK 64-Bit Server VM"/>
    <property name="localRepository" value="/home/diogo/.m2/repository"/>
    <property name="java.vendor.url.bug" value="https://bugs.launchpad.net/ubuntu/+source/openjdk-lts"/>
    <property name="java.io.tmpdir" value="/tmp"/>
    <property name="java.version" value="11.0.10"/>
    <property name="user.dir" value="/home/diogo/Desktop/3ยบ Ano/TQS/TQS_Labs/Lab3/P3_Selenium_Jupiter"/>
    <property name="os.arch" value="amd64"/>
    <property name="java.vm.specification.name" value="Java Virtual Machine Specification"/>
    <property name="java.awt.printerjob" value="sun.print.PSPrinterJob"/>
    <property name="sun.os.patch.level" value="unknown"/>
    <property name="java.library.path" value="/usr/java/packages/lib:/usr/lib/x86_64-linux-gnu/jni:/lib/x86_64-linux-gnu:/usr/lib/x86_64-linux-gnu:/usr/lib/jni:/lib:/usr/lib"/>
    <property name="java.vm.info" value="mixed mode, sharing"/>
    <property name="java.vendor" value="Ubuntu"/>
    <property name="java.vm.version" value="11.0.10+9-Ubuntu-0ubuntu1.20.04"/>
    <property name="sun.io.unicode.encoding" value="UnicodeLittle"/>
    <property name="java.class.version" value="55.0"/>
  </properties>
  <testcase name="shouldAnswerWithTrue" classname="ua.tqs.AppTest" time="0.003"/>
</testsuite>